{"C:\\Users\\Professional\\Desktop\\FWT\\FWT\\src\\components\\Loader\\Loader.tsx": {"path":"C:\\Users\\Professional\\Desktop\\FWT\\FWT\\src\\components\\Loader\\Loader.tsx","statementMap":{"0":{"start":{"line":4,"column":15},"end":{"line":8,"column":1}},"1":{"start":{"line":5,"column":2},"end":{"line":5,"column":30}},"2":{"start":{"line":5,"column":18},"end":{"line":5,"column":30}},"3":{"start":{"line":7,"column":2},"end":{"line":7,"column":30}}},"fnMap":{"0":{"name":"(anonymous_0)","decl":{"start":{"line":4,"column":15},"end":{"line":4,"column":16}},"loc":{"start":{"line":4,"column":39},"end":{"line":8,"column":1}},"line":4}},"branchMap":{"0":{"loc":{"start":{"line":5,"column":2},"end":{"line":5,"column":30}},"type":"if","locations":[{"start":{"line":5,"column":2},"end":{"line":5,"column":30}},{"start":{},"end":{}}],"line":5}},"s":{"0":0,"1":0,"2":0,"3":0},"f":{"0":0},"b":{"0":[0,0]}}
,"C:\\Users\\Professional\\Desktop\\FWT\\FWT\\src\\components\\Loader\\LoaderStyle.ts": {"path":"C:\\Users\\Professional\\Desktop\\FWT\\FWT\\src\\components\\Loader\\LoaderStyle.ts","statementMap":{"0":{"start":{"line":4,"column":22},"end":{"line":21,"column":1}}},"fnMap":{},"branchMap":{},"s":{"0":0},"f":{},"b":{}}
,"C:\\Users\\Professional\\Desktop\\FWT\\FWT\\src\\components\\NotFoundPage\\NotFoundPage.tsx": {"path":"C:\\Users\\Professional\\Desktop\\FWT\\FWT\\src\\components\\NotFoundPage\\NotFoundPage.tsx","statementMap":{"0":{"start":{"line":24,"column":25},"end":{"line":46,"column":1}},"1":{"start":{"line":25,"column":2},"end":{"line":45,"column":4}}},"fnMap":{"0":{"name":"(anonymous_0)","decl":{"start":{"line":24,"column":25},"end":{"line":24,"column":26}},"loc":{"start":{"line":24,"column":31},"end":{"line":46,"column":1}},"line":24}},"branchMap":{},"s":{"0":1,"1":1},"f":{"0":1},"b":{},"_coverageSchema":"1a1c01bbd47fc00a2c39e90264f33305004495a9","hash":"597cbc5079e1e1ed9a946b52c6158a6e23925762"}
,"C:\\Users\\Professional\\Desktop\\FWT\\FWT\\src\\modules\\Gallery\\Gallery.tsx": {"path":"C:\\Users\\Professional\\Desktop\\FWT\\FWT\\src\\modules\\Gallery\\Gallery.tsx","statementMap":{"0":{"start":{"line":4,"column":16},"end":{"line":6,"column":1}},"1":{"start":{"line":5,"column":2},"end":{"line":5,"column":43}}},"fnMap":{"0":{"name":"(anonymous_0)","decl":{"start":{"line":4,"column":16},"end":{"line":4,"column":17}},"loc":{"start":{"line":4,"column":22},"end":{"line":6,"column":1}},"line":4}},"branchMap":{},"s":{"0":0,"1":0},"f":{"0":0},"b":{}}
,"C:\\Users\\Professional\\Desktop\\FWT\\FWT\\src\\utils\\errorFallback.utils.tsx": {"path":"C:\\Users\\Professional\\Desktop\\FWT\\FWT\\src\\utils\\errorFallback.utils.tsx","statementMap":{"0":{"start":{"line":3,"column":22},"end":{"line":19,"column":1}},"1":{"start":{"line":10,"column":2},"end":{"line":18,"column":4}}},"fnMap":{"0":{"name":"(anonymous_0)","decl":{"start":{"line":3,"column":22},"end":{"line":3,"column":23}},"loc":{"start":{"line":9,"column":6},"end":{"line":19,"column":1}},"line":9}},"branchMap":{},"s":{"0":1,"1":2},"f":{"0":2},"b":{},"_coverageSchema":"1a1c01bbd47fc00a2c39e90264f33305004495a9","hash":"4e9195d3f6cc3698920ee25a718425a61f426530"}
,"C:\\Users\\Professional\\Desktop\\FWT\\FWT\\src\\utils\\errorReport.utils.ts": {"path":"C:\\Users\\Professional\\Desktop\\FWT\\FWT\\src\\utils\\errorReport.utils.ts","statementMap":{"0":{"start":{"line":1,"column":29},"end":{"line":4,"column":1}},"1":{"start":{"line":2,"column":2},"end":{"line":2,"column":51}},"2":{"start":{"line":2,"column":30},"end":{"line":2,"column":51}},"3":{"start":{"line":3,"column":2},"end":{"line":3,"column":23}},"4":{"start":{"line":6,"column":25},"end":{"line":11,"column":1}},"5":{"start":{"line":7,"column":2},"end":{"line":9,"column":3}},"6":{"start":{"line":8,"column":4},"end":{"line":8,"column":16}},"7":{"start":{"line":10,"column":2},"end":{"line":10,"column":23}}},"fnMap":{"0":{"name":"(anonymous_0)","decl":{"start":{"line":1,"column":29},"end":{"line":1,"column":30}},"loc":{"start":{"line":1,"column":49},"end":{"line":4,"column":1}},"line":1},"1":{"name":"(anonymous_1)","decl":{"start":{"line":6,"column":25},"end":{"line":6,"column":26}},"loc":{"start":{"line":6,"column":114},"end":{"line":11,"column":1}},"line":6}},"branchMap":{"0":{"loc":{"start":{"line":2,"column":2},"end":{"line":2,"column":51}},"type":"if","locations":[{"start":{"line":2,"column":2},"end":{"line":2,"column":51}},{"start":{},"end":{}}],"line":2},"1":{"loc":{"start":{"line":7,"column":2},"end":{"line":9,"column":3}},"type":"if","locations":[{"start":{"line":7,"column":2},"end":{"line":9,"column":3}},{"start":{},"end":{}}],"line":7}},"s":{"0":0,"1":0,"2":0,"3":0,"4":0,"5":0,"6":0,"7":0},"f":{"0":0,"1":0},"b":{"0":[0,0],"1":[0,0]}}
}
